[2013-04-07 16:25:56] START
[2013-04-08 09:09:00] CREATE mobile_user.py: 0
[2013-04-08 09:14:23] EDIT MR/models/mobile_user.py: 0
[2013-04-08 09:15:26] EDIT MR/models/mobile_user.py: 21
[2013-04-08 09:15:28] EDIT MR/models/mobile_user.py: 0
[2013-04-08 09:15:28] EDIT MR/models/mobile_user.py: 0
[2013-04-08 09:15:33] EDIT MR/models/mobile_user.py: 0
[2013-04-08 09:15:33] EDIT MR/models/mobile_user.py: 0
[2013-04-08 09:15:34] EDIT MR/models/mobile_user.py: 0
[2013-04-08 09:16:11] EDIT MR/controllers/default.py: -7
[2013-04-08 09:19:25] EDIT MR/controllers/default.py: 2
[2013-04-08 09:20:40] EDIT MR/controllers/default.py: 0
[2013-04-08 09:20:42] EDIT MR/controllers/default.py: 0
[2013-04-08 09:20:57] EDIT MR/controllers/default.py: 1
[2013-04-08 09:21:31] EDIT MR/controllers/default.py: 1
[2013-04-08 09:21:32] EDIT MR/controllers/default.py: 0
[2013-04-08 09:21:43] EDIT MR/controllers/default.py: 0
[2013-04-08 09:22:22] EDIT MR/controllers/default.py: 0
[2013-04-08 09:25:02] EDIT MR/controllers/default.py: 0
[2013-04-08 09:25:14] EDIT MR/controllers/default.py: 0
[2013-04-08 09:28:55] EDIT MR/controllers/default.py: 0
[2013-04-08 09:31:03] EDIT MR/models/mobile_user.py: 0
[2013-04-08 09:32:54] EDIT MR/models/mobile_user.py: 0
[2013-04-08 09:32:54] EDIT MR/models/mobile_user.py: 0
[2013-04-08 09:38:00] EDIT MR/controllers/default.py: 5
[2013-04-08 09:38:06] EDIT MR/controllers/default.py: 0
[2013-04-08 09:38:25] EDIT MR/controllers/default.py: 0
[2013-04-08 09:40:11] EDIT MR/controllers/default.py: -1
[2013-04-08 09:40:34] EDIT MR/controllers/default.py: 0
[2013-04-08 09:53:59] EDIT MR/controllers/default.py: 1
[2013-04-08 09:54:30] EDIT MR/controllers/default.py: 0
[2013-04-08 09:54:31] EDIT MR/controllers/default.py: 0
[2013-04-08 09:54:31] EDIT MR/controllers/default.py: 0
[2013-04-08 09:54:31] EDIT MR/controllers/default.py: 0
[2013-04-08 09:54:32] EDIT MR/controllers/default.py: 0
[2013-04-08 09:54:36] EDIT MR/controllers/default.py: 0
[2013-04-08 09:57:52] EDIT MR/controllers/default.py: 2
[2013-04-08 10:01:53] EDIT MR/controllers/default.py: 8
